https://galaxy.ansible.com/api/v1/namespaces/: Start
https://galaxy.ansible.com/api/v1/namespaces/: Done
https://galaxy.ansible.com/api/v1/namespaces/: Start
https://galaxy.ansible.com/api/v1/namespaces/: Done
https://galaxy.ansible.com/api/v1/namespaces/: Start
https://galaxy.ansible.com/api/v1/namespaces/: Done
https://galaxy.ansible.com/api/v1/namespaces/: Start
https://galaxy.ansible.com/api/v1/namespaces/: Done
https://galaxy.ansible.com/api/v1/platforms/: Start
https://galaxy.ansible.com/api/v1/platforms/?page_size=500: Rate limit?
https://galaxy.ansible.com/api/v1/platforms/?page_size=500: Rate limit?
https://galaxy.ansible.com/api/v1/platforms/?page_size=500: Rate limit?
https://galaxy.ansible.com/api/v1/platforms/?page_size=500: Rate limit?
https://galaxy.ansible.com/api/v1/platforms/?page_size=500: Rate limit?
https://galaxy.ansible.com/api/v1/platforms/?page_size=500: Rate limit?
https://galaxy.ansible.com/api/v1/platforms/?page_size=500: Rate limit?
https://galaxy.ansible.com/api/v1/platforms/?page_size=500: Rate limit?
https://galaxy.ansible.com/api/v1/platforms/?page_size=500: Rate limit?
https://galaxy.ansible.com/api/v1/platforms/?page_size=500: Rate limit?
https://galaxy.ansible.com/api/v1/platforms/?page_size=500: Rate limit?
https://galaxy.ansible.com/api/v1/platforms/?page_size=500: Rate limit?
https://galaxy.ansible.com/api/v1/platforms/?page_size=500: Rate limit?
https://galaxy.ansible.com/api/v1/platforms/?page_size=500: Rate limit?
https://galaxy.ansible.com/api/v1/platforms/?page_size=500: Rate limit?
https://galaxy.ansible.com/api/v1/platforms/?page_size=500: Rate limit?
https://galaxy.ansible.com/api/v1/platforms/?page_size=500: Rate limit?
https://galaxy.ansible.com/api/v1/platforms/?page_size=500: Rate limit?
https://galaxy.ansible.com/api/v1/platforms/?page_size=500: Rate limit?
https://galaxy.ansible.com/api/v1/platforms/?page_size=500: Rate limit?
https://galaxy.ansible.com/api/v1/platforms/?page_size=500: Rate limit?
https://galaxy.ansible.com/api/v1/platforms/?page_size=500: Rate limit?
https://galaxy.ansible.com/api/v1/platforms/?page_size=500: Rate limit?
https://galaxy.ansible.com/api/v1/platforms/?page_size=500: Rate limit?
https://galaxy.ansible.com/api/v1/platforms/?page_size=500: Rate limit?
https://galaxy.ansible.com/api/v1/platforms/?page_size=500: Rate limit?
https://galaxy.ansible.com/api/v1/platforms/?page_size=500: Rate limit?
https://galaxy.ansible.com/api/v1/platforms/?page_size=500: Rate limit?
https://galaxy.ansible.com/api/v1/platforms/?page_size=500: Rate limit?
https://galaxy.ansible.com/api/v1/platforms/?page_size=500: Rate limit?
https://galaxy.ansible.com/api/v1/platforms/?page_size=500: Rate limit?
https://galaxy.ansible.com/api/v1/platforms/?page_size=500: Rate limit?
https://galaxy.ansible.com/api/v1/platforms/?page_size=500: Rate limit?
https://galaxy.ansible.com/api/v1/platforms/?page_size=500: Rate limit?
https://galaxy.ansible.com/api/v1/platforms/?page_size=500: Rate limit?
https://galaxy.ansible.com/api/v1/platforms/?page_size=500: Rate limit?
https://galaxy.ansible.com/api/v1/platforms/?page_size=500: Rate limit?
https://galaxy.ansible.com/api/v1/platforms/?page_size=500: Rate limit?
https://galaxy.ansible.com/api/v1/platforms/?page_size=500: Rate limit?
https://galaxy.ansible.com/api/v1/platforms/?page_size=500: Rate limit?
https://galaxy.ansible.com/api/v1/platforms/?page_size=500: Rate limit?
https://galaxy.ansible.com/api/v1/platforms/?page_size=500: Rate limit?
https://galaxy.ansible.com/api/v1/platforms/?page_size=500: Rate limit?
https://galaxy.ansible.com/api/v1/platforms/?page_size=500: Rate limit?
https://galaxy.ansible.com/api/v1/platforms/?page_size=500: Rate limit?
https://galaxy.ansible.com/api/v1/platforms/?page_size=500: Rate limit?
https://galaxy.ansible.com/api/v1/platforms/?page_size=500: Rate limit?
https://galaxy.ansible.com/api/v1/platforms/?page_size=500: Rate limit?
https://galaxy.ansible.com/api/v1/platforms/?page_size=500: Rate limit?
https://galaxy.ansible.com/api/v1/platforms/?page_size=500: Rate limit?
https://galaxy.ansible.com/api/v1/platforms/?page_size=500: Rate limit?
https://galaxy.ansible.com/api/v1/platforms/?page_size=500: Rate limit?
https://galaxy.ansible.com/api/v1/platforms/?page_size=500: Rate limit?
https://galaxy.ansible.com/api/v1/platforms/?page_size=500: Rate limit?
https://galaxy.ansible.com/api/v1/platforms/?page_size=500: Rate limit?
https://galaxy.ansible.com/api/v1/platforms/?page_size=500: Rate limit?
https://galaxy.ansible.com/api/v1/platforms/?page_size=500: Rate limit?
https://galaxy.ansible.com/api/v1/platforms/?page_size=500: Rate limit?
https://galaxy.ansible.com/api/v1/platforms/?page_size=500: Rate limit?
https://galaxy.ansible.com/api/v1/platforms/?page_size=500: Rate limit?
https://galaxy.ansible.com/api/v1/platforms/?page_size=500: Rate limit?
https://galaxy.ansible.com/api/v1/platforms/?page_size=500: Rate limit?
https://galaxy.ansible.com/api/v1/platforms/?page_size=500: Rate limit?
https://galaxy.ansible.com/api/v1/platforms/?page_size=500: Rate limit?
https://galaxy.ansible.com/api/v1/platforms/?page_size=500: Rate limit?
https://galaxy.ansible.com/api/v1/platforms/?page_size=500: Rate limit?
https://galaxy.ansible.com/api/v1/platforms/?page_size=500: Rate limit?
https://galaxy.ansible.com/api/v1/platforms/?page_size=500: Rate limit?
https://galaxy.ansible.com/api/v1/platforms/?page_size=500: Rate limit?
https://galaxy.ansible.com/api/v1/platforms/?page_size=500: Rate limit?
https://galaxy.ansible.com/api/v1/platforms/?page_size=500: Rate limit?
https://galaxy.ansible.com/api/v1/platforms/?page_size=500: Rate limit?
https://galaxy.ansible.com/api/v1/platforms/?page_size=500: Rate limit?
https://galaxy.ansible.com/api/v1/platforms/?page_size=500: Rate limit?
https://galaxy.ansible.com/api/v1/platforms/?page_size=500: Rate limit?
https://galaxy.ansible.com/api/v1/platforms/?page_size=500: Rate limit?
https://galaxy.ansible.com/api/v1/platforms/?page_size=500: Rate limit?
https://galaxy.ansible.com/api/v1/platforms/?page_size=500: Rate limit?
https://galaxy.ansible.com/api/v1/platforms/?page_size=500: Rate limit?
https://galaxy.ansible.com/api/v1/platforms/?page_size=500: Rate limit?
https://galaxy.ansible.com/api/v1/platforms/?page_size=500: Rate limit?
https://galaxy.ansible.com/api/v1/platforms/?page_size=500: Rate limit?
https://galaxy.ansible.com/api/v1/platforms/?page_size=500: Rate limit?
https://galaxy.ansible.com/api/v1/platforms/?page_size=500: Rate limit?
https://galaxy.ansible.com/api/v1/platforms/?page_size=500: Rate limit?
https://galaxy.ansible.com/api/v1/platforms/?page_size=500: Rate limit?
https://galaxy.ansible.com/api/v1/platforms/?page_size=500: Rate limit?
https://galaxy.ansible.com/api/v1/platforms/?page_size=500: Rate limit?
https://galaxy.ansible.com/api/v1/platforms/?page_size=500: Rate limit?
https://galaxy.ansible.com/api/v1/platforms/?page_size=500: Rate limit?
https://galaxy.ansible.com/api/v1/namespaces/: Start
https://galaxy.ansible.com/api/v1/namespaces/: Start
https://galaxy.ansible.com/api/v1/namespaces/: Done
https://galaxy.ansible.com/api/v1/roles/: Start
https://galaxy.ansible.com/api/v1/roles/: Done
https://galaxy.ansible.com/api/v1/namespaces/: Start
https://galaxy.ansible.com/api/v1/roles/: Start
https://galaxy.ansible.com/api/v1/roles/: Done
